<?xml version="1.0" encoding="utf-8"?><testsuites name="pytest tests"><testsuite name="pytest" errors="0" failures="0" skipped="0" tests="17" time="0.068" timestamp="2026-05-16T16:36:37.232570+08:00" hostname="zhangbowens-MacBook-Pro.local"><testcase classname="tests.or_ci.test_cli" name="test_cli_writes_report_for_valid_submission" time="0.004" /><testcase classname="tests.or_ci.test_metadata" name="test_metadata_loader_accepts_fixture" time="0.001" /><testcase classname="tests.or_ci.test_metadata" name="test_metadata_loader_rejects_missing_required_fields" time="0.001" /><testcase classname="tests.or_ci.test_metadata" name="test_scaled_instance_scales_only_configured_numeric_values" time="0.000" /><testcase classname="tests.or_ci.test_model_ir" name="test_extract_model_ir_preserves_linear_model_details" time="0.000" /><testcase classname="tests.or_ci.test_model_ir" name="test_extract_model_ir_rejects_unsupported_features" time="0.000" /><testcase classname="tests.or_ci.test_verifier" name="test_verifier_passes_only_instance_and_classifies_success" time="0.001" /><testcase classname="tests.or_ci.test_verifier" name="test_verifier_classifies_cost_scaling_failure" time="0.001" /><testcase classname="tests.or_ci.test_verifier" name="test_runtime_error_fixtures_classify_as_syntax_or_runtime[BWOR-001]" time="0.001" /><testcase classname="tests.or_ci.test_verifier" name="test_runtime_error_fixtures_classify_as_syntax_or_runtime[BWOR-002]" time="0.001" /><testcase classname="tests.or_ci.test_verifier" name="test_runtime_error_fixtures_classify_as_syntax_or_runtime[BWOR-010]" time="0.001" /><testcase classname="tests.or_ci.test_verifier" name="test_correct_bwor_fixtures_classify_success[BWOR-001]" time="0.016" /><testcase classname="tests.or_ci.test_verifier" name="test_correct_bwor_fixtures_classify_success[BWOR-002]" time="0.002" /><testcase classname="tests.or_ci.test_verifier" name="test_correct_bwor_fixtures_classify_success[BWOR-010]" time="0.001" /><testcase classname="tests.or_ci.test_verifier" name="test_wrong_bwor_fixtures_classify_semantic_failure[BWOR-001]" time="0.002" /><testcase classname="tests.or_ci.test_verifier" name="test_wrong_bwor_fixtures_classify_semantic_failure[BWOR-002]" time="0.001" /><testcase classname="tests.or_ci.test_verifier" name="test_wrong_bwor_fixtures_classify_semantic_failure[BWOR-010]" time="0.002" /></testsuite></testsuites>